<?xml version="1.0" encoding="UTF-8"?>
<!-- Generated by org.testng.reporters.JUnitReportReporter -->
<testsuite hostname="DESKTOP-MSNJAQA" failures="0" tests="3" name="Test_ng_foldr.Dependency_testng" time="0.017" errors="0" timestamp="2023-06-15T18:34:24 IST" skipped="0">
  <testcase classname="Test_ng_foldr.Dependency_testng" name="compose" time="0.011">
    <system-out>
      <![CDATA[hello india]]>
    </system-out>
  </testcase> <!-- compose -->
  <testcase classname="Test_ng_foldr.Dependency_testng" name="trash" time="0.002">
    <system-out>
      <![CDATA[good morning]]>
    </system-out>
  </testcase> <!-- trash -->
  <testcase classname="Test_ng_foldr.Dependency_testng" name="sentitems" time="0.004">
    <system-out>
      <![CDATA[hello jharkhand]]>
    </system-out>
  </testcase> <!-- sentitems -->
  <system-out>
    <![CDATA[hello india
hello jharkhand
good morning]]>
  </system-out>
</testsuite> <!-- Test_ng_foldr.Dependency_testng -->
