<?xml version="1.0" encoding="UTF-8"?>
<!-- Generated by org.testng.reporters.JUnitReportReporter -->
<testsuite hostname="DESKTOP-MSNJAQA" failures="0" tests="1" name="qsp1.Runner_script" time="12.210" errors="0" timestamp="2023-06-15T10:49:06 IST" skipped="0">
  <testcase classname="qsp1.Runner_script" name="ValidLogin" time="12.210"/>
</testsuite> <!-- qsp1.Runner_script -->
