<?xml version="1.0" encoding="UTF-8"?>
<!-- Generated by org.testng.reporters.JUnitReportReporter -->
<testsuite hostname="DESKTOP-MSNJAQA" failures="0" tests="2" name="Test_ng_foldr.Demo1" time="0.011" errors="0" timestamp="2023-06-14T13:01:12 IST" skipped="0">
  <testcase classname="Test_ng_foldr.Demo1" name="test2" time="0.006">
    <system-out>
      <![CDATA[hii]]>
    </system-out>
  </testcase> <!-- test2 -->
  <testcase classname="Test_ng_foldr.Demo1" name="test1" time="0.005">
    <system-out>
      <![CDATA[hii]]>
    </system-out>
  </testcase> <!-- test1 -->
  <system-out>
    <![CDATA[world
hii
hii]]>
  </system-out>
</testsuite> <!-- Test_ng_foldr.Demo1 -->
