<?xml version="1.0" encoding="UTF-8"?>
<!-- Generated by org.testng.reporters.JUnitReportReporter -->
<testsuite hostname="DESKTOP-MSNJAQA" failures="0" tests="1" name="Test_ng_foldr.Demo2" time="0.016" errors="0" timestamp="2023-06-14T13:01:12 IST" skipped="0">
  <testcase classname="Test_ng_foldr.Demo2" name="test3" time="0.016">
    <system-out>
      <![CDATA[world]]>
    </system-out>
  </testcase> <!-- test3 -->
  <system-out>
    <![CDATA[world
hii
hii]]>
  </system-out>
</testsuite> <!-- Test_ng_foldr.Demo2 -->
