<?xml version="1.0" encoding="UTF-8"?>
<!-- Generated by org.testng.reporters.JUnitReportReporter -->
<testsuite hostname="DESKTOP-MSNJAQA" failures="0" tests="1" name="Pom_script.TestRunner2" time="4.098" errors="0" timestamp="2023-06-21T21:29:50 IST" skipped="0">
  <testcase classname="Pom_script.TestRunner2" name="test2" time="4.098"/>
</testsuite> <!-- Pom_script.TestRunner2 -->
