<?xml version="1.0" encoding="UTF-8"?>
<!-- Generated by org.testng.reporters.JUnitReportReporter -->
<testsuite hostname="DESKTOP-MSNJAQA" failures="0" tests="5" name="Test_ng_foldr.Priority_testng" time="0.021" errors="0" timestamp="2023-06-15T18:14:41 IST" skipped="1">
  <testcase classname="Test_ng_foldr.Priority_testng" name="test2" time="0.012">
    <system-out>
      <![CDATA[good evening]]>
    </system-out>
  </testcase> <!-- test2 -->
  <testcase classname="Test_ng_foldr.Priority_testng" name="test1" time="0.004">
    <system-out>
      <![CDATA[good morning]]>
    </system-out>
  </testcase> <!-- test1 -->
  <testcase classname="Test_ng_foldr.Priority_testng" name="test1" time="0.003">
    <system-out>
      <![CDATA[good morning]]>
    </system-out>
  </testcase> <!-- test1 -->
  <testcase classname="Test_ng_foldr.Priority_testng" name="test1" time="0.002">
    <system-out>
      <![CDATA[good morning]]>
    </system-out>
  </testcase> <!-- test1 -->
  <testcase classname="Test_ng_foldr.Priority_testng" name="test3">
    <skipped/>
  </testcase> <!-- test3 -->
  <system-out>
    <![CDATA[good evening
good morning
good morning
good morning]]>
  </system-out>
</testsuite> <!-- Test_ng_foldr.Priority_testng -->
