<?xml version="1.0" encoding="UTF-8"?>
<!-- Generated by org.testng.reporters.JUnitReportReporter -->
<testsuite hostname="DESKTOP-MSNJAQA" failures="0" tests="1" name="Test_ng_foldr.First_test_ng" time="0.016" errors="0" timestamp="2023-06-13T11:50:22 IST" skipped="0">
  <testcase classname="Test_ng_foldr.First_test_ng" name="test1" time="0.016">
    <system-out>
      <![CDATA[hello world]]>
    </system-out>
  </testcase> <!-- test1 -->
  <system-out>
    <![CDATA[hello world]]>
  </system-out>
</testsuite> <!-- Test_ng_foldr.First_test_ng -->
